1615557211170	geckodriver	INFO	Listening on 127.0.0.1:64550
1615557214198	mozrunner::runner	INFO	Running command: "C:\\Program Files\\Mozilla Firefox\\firefox.exe" "--marionette" "-foreground" "-no-remote" "-profile" "C:\\Users\\ONURFU~1\\AppData\\Local\\Temp\\rust_mozprofileCkbC7I"
JavaScript error: resource://gre/modules/XULStore.jsm, line 66: Error: Can't find profile directory.
console.warn: SearchSettings: "get: No settings file exists, new profile?" (new Error("", "(unknown module)"))
1615557217249	Marionette	INFO	Listening on port 64558
1615557217330	Marionette	WARN	TLS certificate errors will be ignored for this session
JavaScript warning: https://web.whatsapp.com/bootstrap_qr.8c6bd07fd55e4b8fbdb7.js, line 1: unreachable code after return statement
JavaScript warning: https://web.whatsapp.com/bootstrap_qr.8c6bd07fd55e4b8fbdb7.js, line 1: unreachable code after return statement
JavaScript warning: https://web.whatsapp.com/bootstrap_qr.8c6bd07fd55e4b8fbdb7.js, line 1: unreachable code after return statement
JavaScript warning: https://web.whatsapp.com/bootstrap_qr.8c6bd07fd55e4b8fbdb7.js, line 1: unreachable code after return statement
JavaScript warning: https://web.whatsapp.com/bootstrap_qr.8c6bd07fd55e4b8fbdb7.js, line 1: unreachable code after return statement
JavaScript warning: https://web.whatsapp.com/bootstrap_qr.8c6bd07fd55e4b8fbdb7.js, line 1: unreachable code after return statement
1615557273972	Marionette	INFO	Stopped listening on port 64558

###!!! [Child][RunMessage] Error: Channel closing: too late to send/recv, messages will be lost

1615557540529	geckodriver	INFO	Listening on 127.0.0.1:64643
1615557543571	mozrunner::runner	INFO	Running command: "C:\\Program Files\\Mozilla Firefox\\firefox.exe" "--marionette" "-foreground" "-no-remote" "-profile" "C:\\Users\\ONURFU~1\\AppData\\Local\\Temp\\rust_mozprofiletb1M1f"
JavaScript error: resource://gre/modules/XULStore.jsm, line 66: Error: Can't find profile directory.
console.warn: SearchSettings: "get: No settings file exists, new profile?" (new Error("", "(unknown module)"))
1615557547077	Marionette	INFO	Listening on port 64651
1615557547203	Marionette	WARN	TLS certificate errors will be ignored for this session
JavaScript warning: https://web.whatsapp.com/bootstrap_qr.8c6bd07fd55e4b8fbdb7.js, line 1: unreachable code after return statement
JavaScript warning: https://web.whatsapp.com/bootstrap_qr.8c6bd07fd55e4b8fbdb7.js, line 1: unreachable code after return statement
JavaScript warning: https://web.whatsapp.com/bootstrap_qr.8c6bd07fd55e4b8fbdb7.js, line 1: unreachable code after return statement
JavaScript warning: https://web.whatsapp.com/bootstrap_qr.8c6bd07fd55e4b8fbdb7.js, line 1: unreachable code after return statement
[Parent 13844, IPC I/O Parent] WARNING: pipe error: 232: file /builds/worker/checkouts/gecko/ipc/chromium/src/chrome/common/ipc_channel_win.cc:545
console.log: WebExtensions: reset-default-search: No addons in our list are installed.
[Parent 13844, IPC I/O Parent] WARNING: pipe error: 232: file /builds/worker/checkouts/gecko/ipc/chromium/src/chrome/common/ipc_channel_win.cc:545
1615558631568	Marionette	INFO	Stopped listening on port 64651

###!!! [Child][RunMessage] Error: Channel closing: too late to send/recv, messages will be lost

SearchSettings: "get: No settings file exists, new profile?" (new Error("", "(unknown module)"))
1615557623860	Marionette	INFO	Listening on port 64722
1615557624349	Marionette	WARN	TLS certificate errors will be ignored for this session
JavaScript warning: https://web.whatsapp.com/bootstrap_qr.8c6bd07fd55e4b8fbdb7.js, line 1: unreachable code after return statement
JavaScript warning: https://web.whatsapp.com/bootstrap_qr.8c6bd07fd55e4b8fbdb7.js, line 1: unreachable code after return statement
JavaScript warning: https://web.whatsapp.com/bootstrap_qr.8c6bd07fd55e4b8fbdb7.js, line 1: unreachable code after return statement
JavaScript warning: https://web.whatsapp.com/bootstrap_qr.8c6bd07fd55e4b8fbdb7.js, line 1: unreachable code after return statement

###!!! [Parent][MessageChannel] Error: (msgtype=0x690008,name=PMessagePort::Msg___delete__) Channel closing: too late to send/recv, messages will be lost


###!!! [Parent][RunMessage] Error: Channel closing: too late to send/recv, messages will be lost


###!!! [Parent][RunMessage] Error: Channel closing: too late to send/recv, messages will be lost

console.log: WebExtensions: reset-default-search: No addons in our list are installed.
1615558629746	Marionette	INFO	Stopped listening on port 64722

###!!! [Child][RunMessage] Error: Channel closing: too late to send/recv, messages will be lost

l\\Temp\\rust_mozprofilerFsD3P"
JavaScript error: resource://gre/modules/XULStore.jsm, line 66: Error: Can't find profile directory.
console.warn: SearchSettings: "get: No settings file exists, new profile?" (new Error("", "(unknown module)"))
1615557727499	Marionette	INFO	Listening on port 64794
1615557727973	Marionette	WARN	TLS certificate errors will be ignored for this session
JavaScript warning: https://web.whatsapp.com/bootstrap_qr.8c6bd07fd55e4b8fbdb7.js, line 1: unreachable code after return statement
JavaScript warning: https://web.whatsapp.com/bootstrap_qr.8c6bd07fd55e4b8fbdb7.js, line 1: unreachable code after return statement
JavaScript warning: https://web.whatsapp.com/bootstrap_qr.8c6bd07fd55e4b8fbdb7.js, line 1: unreachable code after return statement
JavaScript warning: https://web.whatsapp.com/bootstrap_qr.8c6bd07fd55e4b8fbdb7.js, line 1: unreachable code after return statement
JavaScript warning: https://web.whatsapp.com/bootstrap_qr.8c6bd07fd55e4b8fbdb7.js, line 1: unreachable code after return statement
JavaScript warning: https://web.whatsapp.com/bootstrap_qr.8c6bd07fd55e4b8fbdb7.js, line 1: unreachable code after return statement
1615557792939	Marionette	INFO	Stopped listening on port 64794

###!!! [Child][RunMessage] Error: Channel closing: too late to send/recv, messages will be lost

1615558026978	geckodriver	INFO	Listening on 127.0.0.1:64882
1615558030032	mozrunner::runner	INFO	Running command: "C:\\Program Files\\Mozilla Firefox\\firefox.exe" "--marionette" "-foreground" "-no-remote" "-profile" "C:\\Users\\ONURFU~1\\AppData\\Local\\Temp\\rust_mozprofileChUfdf"
JavaScript error: resource://gre/modules/XULStore.jsm, line 66: Error: Can't find profile directory.
console.warn: SearchSettings: "get: No settings file exists, new profile?" (new Error("", "(unknown module)"))
1615558033297	Marionette	INFO	Listening on port 64890
1615558033664	Marionette	WARN	TLS certificate errors will be ignored for this session
JavaScript warning: https://web.whatsapp.com/bootstrap_qr.8c6bd07fd55e4b8fbdb7.js, line 1: unreachable code after return statement
JavaScript warning: https://web.whatsapp.com/bootstrap_qr.8c6bd07fd55e4b8fbdb7.js, line 1: unreachable code after return statement
JavaScript warning: https://web.whatsapp.com/bootstrap_qr.8c6bd07fd55e4b8fbdb7.js, line 1: unreachable code after return statement
JavaScript warning: https://web.whatsapp.com/bootstrap_qr.8c6bd07fd55e4b8fbdb7.js, line 1: unreachable code after return statement
JavaScript warning: https://web.whatsapp.com/bootstrap_qr.8c6bd07fd55e4b8fbdb7.js, line 1: unreachable code after return statement
JavaScript warning: https://web.whatsapp.com/bootstrap_qr.8c6bd07fd55e4b8fbdb7.js, line 1: unreachable code after return statement
1615558093934	Marionette	INFO	Stopped listening on port 64890

###!!! [Child][RunMessage] Error: Channel closing: too late to send/recv, messages will be lost

1615558733747	geckodriver	INFO	Listening on 127.0.0.1:65363
1615558736782	mozrunner::runner	INFO	Running command: "C:\\Program Files\\Mozilla Firefox\\firefox.exe" "--marionette" "-foreground" "-no-remote" "-profile" "C:\\Users\\ONURFU~1\\AppData\\Local\\Temp\\rust_mozprofileVLgxVa"
JavaScript error: resource://gre/modules/XULStore.jsm, line 66: Error: Can't find profile directory.
console.warn: SearchSettings: "get: No settings file exists, new profile?" (new Error("", "(unknown module)"))
1615558739889	Marionette	INFO	Listening on port 65371
1615558739912	Marionette	WARN	TLS certificate errors will be ignored for this session
JavaScript warning: https://web.whatsapp.com/bootstrap_qr.8c6bd07fd55e4b8fbdb7.js, line 1: unreachable code after return statement
JavaScript warning: https://web.whatsapp.com/bootstrap_qr.8c6bd07fd55e4b8fbdb7.js, line 1: unreachable code after return statement
JavaScript warning: https://web.whatsapp.com/bootstrap_qr.8c6bd07fd55e4b8fbdb7.js, line 1: unreachable code after return statement
JavaScript warning: https://web.whatsapp.com/bootstrap_qr.8c6bd07fd55e4b8fbdb7.js, line 1: unreachable code after return statement
1615558792058	Marionette	INFO	Stopped listening on port 65371

###!!! [Child][RunMessage] Error: Channel closing: too late to send/recv, messages will be lost

1615559033130	geckodriver	INFO	Listening on 127.0.0.1:65494
1615559036166	mozrunner::runner	INFO	Running command: "C:\\Program Files\\Mozilla Firefox\\firefox.exe" "--marionette" "-foreground" "-no-remote" "-profile" "C:\\Users\\ONURFU~1\\AppData\\Local\\Temp\\rust_mozprofilecScKTd"
JavaScript error: resource://gre/modules/XULStore.jsm, line 66: Error: Can't find profile directory.
console.warn: SearchSettings: "get: No settings file exists, new profile?" (new Error("", "(unknown module)"))
1615559039326	Marionette	INFO	Listening on port 65502
1615559039792	Marionette	WARN	TLS certificate errors will be ignored for this session
JavaScript warning: https://web.whatsapp.com/bootstrap_qr.8c6bd07fd55e4b8fbdb7.js, line 1: unreachable code after return statement
JavaScript warning: https://web.whatsapp.com/bootstrap_qr.8c6bd07fd55e4b8fbdb7.js, line 1: unreachable code after return statement
1615559044275	Marionette	INFO	Stopped listening on port 65502

###!!! [Child][RunMessage] Error: Channel closing: too late to send/recv, messages will be lost

1615559067467	geckodriver	INFO	Listening on 127.0.0.1:49166
1615559070517	mozrunner::runner	INFO	Running command: "C:\\Program Files\\Mozilla Firefox\\firefox.exe" "--marionette" "-foreground" "-no-remote" "-profile" "C:\\Users\\ONURFU~1\\AppData\\Local\\Temp\\rust_mozprofilekUHviU"
JavaScript error: resource://gre/modules/XULStore.jsm, line 66: Error: Can't find profile directory.
console.warn: SearchSettings: "get: No settings file exists, new profile?" (new Error("", "(unknown module)"))
1615559073773	Marionette	INFO	Listening on port 49174
1615559074144	Marionette	WARN	TLS certificate errors will be ignored for this session
JavaScript warning: https://web.whatsapp.com/bootstrap_qr.8c6bd07fd55e4b8fbdb7.js, line 1: unreachable code after return statement
JavaScript warning: https://web.whatsapp.com/bootstrap_qr.8c6bd07fd55e4b8fbdb7.js, line 1: unreachable code after return statement

###!!! [Parent][RunMessage] Error: Channel closing: too late to send/recv, messages will be lost

JavaScript warning: https://web.whatsapp.com/bootstrap_qr.8c6bd07fd55e4b8fbdb7.js, line 1: unreachable code after return statement
JavaScript warning: https://web.whatsapp.com/bootstrap_qr.8c6bd07fd55e4b8fbdb7.js, line 1: unreachable code after return statement
JavaScript warning: https://web.whatsapp.com/bootstrap_qr.8c6bd07fd55e4b8fbdb7.js, line 1: unreachable code after return statement
JavaScript warning: https://web.whatsapp.com/bootstrap_qr.8c6bd07fd55e4b8fbdb7.js, line 1: unreachable code after return statement

###!!! [Parent][RunMessage] Error: Channel closing: too late to send/recv, messages will be lost


###!!! [Parent][RunMessage] Error: Channel closing: too late to send/recv, messages will be lost

1615559273937	Marionette	INFO	Stopped listening on port 49174

###!!! [Child][RunMessage] Error: Channel closing: too late to send/recv, messages will be lost

1615559845385	geckodriver	INFO	Listening on 127.0.0.1:49330
1615559848441	mozrunner::runner	INFO	Running command: "C:\\Program Files\\Mozilla Firefox\\firefox.exe" "--marionette" "-foreground" "-no-remote" "-profile" "C:\\Users\\ONURFU~1\\AppData\\Local\\Temp\\rust_mozprofiledtEXQd"
JavaScript error: resource://gre/modules/XULStore.jsm, line 66: Error: Can't find profile directory.
console.warn: SearchSettings: "get: No settings file exists, new profile?" (new Error("", "(unknown module)"))
1615559851395	Marionette	INFO	Listening on port 49338
1615559851567	Marionette	WARN	TLS certificate errors will be ignored for this session
JavaScript warning: https://web.whatsapp.com/bootstrap_qr.8c6bd07fd55e4b8fbdb7.js, line 1: unreachable code after return statement
JavaScript warning: https://web.whatsapp.com/bootstrap_qr.8c6bd07fd55e4b8fbdb7.js, line 1: unreachable code after return statement
JavaScript warning: https://web.whatsapp.com/bootstrap_qr.8c6bd07fd55e4b8fbdb7.js, line 1: unreachable code after return statement
JavaScript warning: https://web.whatsapp.com/bootstrap_qr.8c6bd07fd55e4b8fbdb7.js, line 1: unreachable code after return statement

###!!! [Parent][RunMessage] Error: Channel closing: too late to send/recv, messages will be lost


###!!! [Parent][RunMessage] Error: Channel closing: too late to send/recv, messages will be lost


###!!! [Parent][RunMessage] Error: Channel closing: too late to send/recv, messages will be lost


###!!! [Parent][RunMessage] Error: Channel closing: too late to send/recv, messages will be lost


###!!! [Parent][RunMessage] Error: Channel closing: too late to send/recv, messages will be lost


###!!! [Parent][RunMessage] Error: Channel closing: too late to send/recv, messages will be lost


###!!! [Parent][RunMessage] Error: Channel closing: too late to send/recv, messages will be lost

1615559889578	Marionette	INFO	Stopped listening on port 49338

###!!! [Child][RunMessage] Error: Channel closing: too late to send/recv, messages will be lost

1615559942683	geckodriver	INFO	Listening on 127.0.0.1:49413
1615559945721	mozrunner::runner	INFO	Running command: "C:\\Program Files\\Mozilla Firefox\\firefox.exe" "--marionette" "-foreground" "-no-remote" "-profile" "C:\\Users\\ONURFU~1\\AppData\\Local\\Temp\\rust_mozprofileU46YIL"
JavaScript error: resource://gre/modules/XULStore.jsm, line 66: Error: Can't find profile directory.
console.warn: SearchSettings: "get: No settings file exists, new profile?" (new Error("", "(unknown module)"))
1615559948996	Marionette	INFO	Listening on port 49421
1615559949360	Marionette	WARN	TLS certificate errors will be ignored for this session
JavaScript warning: https://web.whatsapp.com/bootstrap_qr.8c6bd07fd55e4b8fbdb7.js, line 1: unreachable code after return statement
JavaScript warning: https://web.whatsapp.com/bootstrap_qr.8c6bd07fd55e4b8fbdb7.js, line 1: unreachable code after return statement

###!!! [Parent][RunMessage] Error: Channel closing: too late to send/recv, messages will be lost

JavaScript warning: https://web.whatsapp.com/bootstrap_qr.8c6bd07fd55e4b8fbdb7.js, line 1: unreachable code after return statement
JavaScript warning: https://web.whatsapp.com/bootstrap_qr.8c6bd07fd55e4b8fbdb7.js, line 1: unreachable code after return statement
console.log: WebExtensions: reset-default-search: No addons in our list are installed.
1615561030088	Marionette	INFO	Stopped listening on port 49421
1615837435354	geckodriver	INFO	Listening on 127.0.0.1:60153
1615837438403	mozrunner::runner	INFO	Running command: "C:\\Program Files\\Mozilla Firefox\\firefox.exe" "--marionette" "-foreground" "-no-remote" "-profile" "C:\\Users\\ONURFU~1\\AppData\\Local\\Temp\\rust_mozprofileQaRcYt"
JavaScript error: resource://gre/modules/XULStore.jsm, line 66: Error: Can't find profile directory.
console.warn: SearchSettings: "get: No settings file exists, new profile?" (new Error("", "(unknown module)"))
1615837442075	Marionette	INFO	Listening on port 60161
1615837442538	Marionette	WARN	TLS certificate errors will be ignored for this session
1615837469669	Marionette	INFO	Stopped listening on port 60161

###!!! [Child][RunMessage] Error: Channel closing: too late to send/recv, messages will be lost

1615837476015	geckodriver	INFO	Listening on 127.0.0.1:58295
1615837479063	mozrunner::runner	INFO	Running command: "C:\\Program Files\\Mozilla Firefox\\firefox.exe" "--marionette" "-foreground" "-no-remote" "-profile" "C:\\Users\\ONURFU~1\\AppData\\Local\\Temp\\rust_mozprofile5hHPOQ"
JavaScript error: resource://gre/modules/XULStore.jsm, line 66: Error: Can't find profile directory.
console.warn: SearchSettings: "get: No settings file exists, new profile?" (new Error("", "(unknown module)"))
1615837482049	Marionette	INFO	Listening on port 58303
1615837482188	Marionette	WARN	TLS certificate errors will be ignored for this session
1615837486763	Marionette	INFO	Stopped listening on port 58303

###!!! [Child][RunMessage] Error: Channel closing: too late to send/recv, messages will be lost

1615837495250	geckodriver	INFO	Listening on 127.0.0.1:58338
1615837498299	mozrunner::runner	INFO	Running command: "C:\\Program Files\\Mozilla Firefox\\firefox.exe" "--marionette" "-foreground" "-no-remote" "-profile" "C:\\Users\\ONURFU~1\\AppData\\Local\\Temp\\rust_mozprofilehLR6oi"
JavaScript error: resource://gre/modules/XULStore.jsm, line 66: Error: Can't find profile directory.
console.warn: SearchSettings: "get: No settings file exists, new profile?" (new Error("", "(unknown module)"))
1615837501478	Marionette	INFO	Listening on port 58346
1615837501931	Marionette	WARN	TLS certificate errors will be ignored for this session
JavaScript warning: https://web.whatsapp.com/bootstrap_qr.8c6bd07fd55e4b8fbdb7.js, line 1: unreachable code after return statement
JavaScript warning: https://web.whatsapp.com/bootstrap_qr.8c6bd07fd55e4b8fbdb7.js, line 1: unreachable code after return statement
1615837611542	Marionette	INFO	Stopped listening on port 58346

###!!! [Child][RunMessage] Error: Channel closing: too late to send/recv, messages will be lost

1615837661130	geckodriver	INFO	Listening on 127.0.0.1:58402
1615837664176	mozrunner::runner	INFO	Running command: "C:\\Program Files\\Mozilla Firefox\\firefox.exe" "--marionette" "-foreground" "-no-remote" "-profile" "C:\\Users\\ONURFU~1\\AppData\\Local\\Temp\\rust_mozprofile4enBDW"
JavaScript error: resource://gre/modules/XULStore.jsm, line 66: Error: Can't find profile directory.
console.warn: SearchSettings: "get: No settings file exists, new profile?" (new Error("", "(unknown module)"))
1615837667179	Marionette	INFO	Listening on port 58410
1615837667308	Marionette	WARN	TLS certificate errors will be ignored for this session
JavaScript warning: https://web.whatsapp.com/bootstrap_qr.8c6bd07fd55e4b8fbdb7.js, line 1: unreachable code after return statement
JavaScript warning: https://web.whatsapp.com/bootstrap_qr.8c6bd07fd55e4b8fbdb7.js, line 1: unreachable code after return statement

###!!! [Parent][RunMessage] Error: Channel closing: too late to send/recv, messages will be lost

1615837719907	Marionette	INFO	Stopped listening on port 58410

###!!! [Child][RunMessage] Error: Channel closing: too late to send/recv, messages will be lost

1615837882967	geckodriver	INFO	Listening on 127.0.0.1:58481
1615837886021	mozrunner::runner	INFO	Running command: "C:\\Program Files\\Mozilla Firefox\\firefox.exe" "--marionette" "-foreground" "-no-remote" "-profile" "C:\\Users\\ONURFU~1\\AppData\\Local\\Temp\\rust_mozprofilePGw9X8"
JavaScript error: resource://gre/modules/XULStore.jsm, line 66: Error: Can't find profile directory.
console.warn: SearchSettings: "get: No settings file exists, new profile?" (new Error("", "(unknown module)"))
1615837889083	Marionette	INFO	Listening on port 58489
1615837889159	Marionette	WARN	TLS certificate errors will be ignored for this session
JavaScript warning: https://web.whatsapp.com/bootstrap_qr.8c6bd07fd55e4b8fbdb7.js, line 1: unreachable code after return statement
JavaScript warning: https://web.whatsapp.com/bootstrap_qr.8c6bd07fd55e4b8fbdb7.js, line 1: unreachable code after return statement
1615837997267	Marionette	INFO	Stopped listening on port 58489

###!!! [Child][RunMessage] Error: Channel closing: too late to send/recv, messages will be lost

1615838063835	geckodriver	INFO	Listening on 127.0.0.1:63690
1615838066879	mozrunner::runner	INFO	Running command: "C:\\Program Files\\Mozilla Firefox\\firefox.exe" "--marionette" "-foreground" "-no-remote" "-profile" "C:\\Users\\ONURFU~1\\AppData\\Local\\Temp\\rust_mozprofileOajzqe"
JavaScript error: resource://gre/modules/XULStore.jsm, line 66: Error: Can't find profile directory.
console.warn: SearchSettings: "get: No settings file exists, new profile?" (new Error("", "(unknown module)"))
console.error: Region.jsm: "Error fetching region" (new TypeError("NetworkError when attempting to fetch resource.", ""))
console.error: Region.jsm: "Failed to fetch region" (new Error("NO_RESULT", "resource://gre/modules/Region.jsm", 422))
1615838069894	Marionette	INFO	Listening on port 63698
1615838070033	Marionette	WARN	TLS certificate errors will be ignored for this session
1615838074891	Marionette	WARN	Ignoring event 'pageshow' because document has an invalid readyState of 'interactive'.
1615838080289	Marionette	INFO	Stopped listening on port 63698

###!!! [Child][RunMessage] Error: Channel closing: too late to send/recv, messages will be lost

1615838084502	geckodriver	INFO	Listening on 127.0.0.1:63715
1615838087549	mozrunner::runner	INFO	Running command: "C:\\Program Files\\Mozilla Firefox\\firefox.exe" "--marionette" "-foreground" "-no-remote" "-profile" "C:\\Users\\ONURFU~1\\AppData\\Local\\Temp\\rust_mozprofileprNkuj"
JavaScript error: resource://gre/modules/XULStore.jsm, line 66: Error: Can't find profile directory.
console.warn: SearchSettings: "get: No settings file exists, new profile?" (new Error("", "(unknown module)"))
console.error: Region.jsm: "Error fetching region" (new TypeError("NetworkError when attempting to fetch resource.", ""))
console.error: Region.jsm: "Failed to fetch region" (new Error("NO_RESULT", "resource://gre/modules/Region.jsm", 422))
1615838090546	Marionette	INFO	Listening on port 63723
1615838090677	Marionette	WARN	TLS certificate errors will be ignored for this session
1615838094693	Marionette	INFO	Stopped listening on port 63723

###!!! [Child][RunMessage] Error: Channel closing: too late to send/recv, messages will be lost

1615838115246	geckodriver	INFO	Listening on 127.0.0.1:63756
1615838118286	mozrunner::runner	INFO	Running command: "C:\\Program Files\\Mozilla Firefox\\firefox.exe" "--marionette" "-foreground" "-no-remote" "-profile" "C:\\Users\\ONURFU~1\\AppData\\Local\\Temp\\rust_mozprofilezcrpcC"
JavaScript error: resource://gre/modules/XULStore.jsm, line 66: Error: Can't find profile directory.
console.warn: SearchSettings: "get: No settings file exists, new profile?" (new Error("", "(unknown module)"))
1615838121274	Marionette	INFO	Listening on port 63764
1615838121412	Marionette	WARN	TLS certificate errors will be ignored for this session
JavaScript warning: https://web.whatsapp.com/bootstrap_qr.8c6bd07fd55e4b8fbdb7.js, line 1: unreachable code after return statement
JavaScript warning: https://web.whatsapp.com/bootstrap_qr.8c6bd07fd55e4b8fbdb7.js, line 1: unreachable code after return statement
1615839151170	geckodriver	INFO	Listening on 127.0.0.1:65089
1615839154240	mozrunner::runner	INFO	Running command: "C:\\Program Files\\Mozilla Firefox\\firefox.exe" "--marionette" "-foreground" "-no-remote" "-profile" "C:\\Users\\ONURFU~1\\AppData\\Local\\Temp\\rust_mozprofileUVVVto"
JavaScript error: resource://gre/modules/XULStore.jsm, line 66: Error: Can't find profile directory.
console.warn: SearchSettings: "get: No settings file exists, new profile?" (new Error("", "(unknown module)"))
1615839157393	Marionette	INFO	Listening on port 65097
1615839157457	Marionette	WARN	TLS certificate errors will be ignored for this session
JavaScript warning: https://web.whatsapp.com/bootstrap_qr.8c6bd07fd55e4b8fbdb7.js, line 1: unreachable code after return statement
JavaScript warning: https://web.whatsapp.com/bootstrap_qr.8c6bd07fd55e4b8fbdb7.js, line 1: unreachable code after return statement

###!!! [Parent][RunMessage] Error: Channel closing: too late to send/recv, messages will be lost

1615840225926	Marionette	INFO	Stopped listening on port 65097

###!!! [Child][RunMessage] Error: Channel closing: too late to send/recv, messages will be lost

"--marionette" "-foreground" "-no-remote" "-profile" "C:\\Users\\ONURFU~1\\AppData\\Local\\Temp\\rust_mozprofileHxhKkL"
JavaScript error: resource://gre/modules/XULStore.jsm, line 66: Error: Can't find profile directory.
console.warn: SearchSettings: "get: No settings file exists, new profile?" (new Error("", "(unknown module)"))
1615839833872	Marionette	INFO	Listening on port 62099
1615839834314	Marionette	WARN	TLS certificate errors will be ignored for this session
JavaScript warning: https://web.whatsapp.com/bootstrap_qr.8c6bd07fd55e4b8fbdb7.js, line 1: unreachable code after return statement
JavaScript warning: https://web.whatsapp.com/bootstrap_qr.8c6bd07fd55e4b8fbdb7.js, line 1: unreachable code after return statement
1615839876896	Marionette	INFO	Stopped listening on port 62099

###!!! [Child][RunMessage] Error: Channel closing: too late to send/recv, messages will be lost

1615839905597	geckodriver	INFO	Listening on 127.0.0.1:62156
1615839908663	mozrunner::runner	INFO	Running command: "C:\\Program Files\\Mozilla Firefox\\firefox.exe" "--marionette" "-foreground" "-no-remote" "-profile" "C:\\Users\\ONURFU~1\\AppData\\Local\\Temp\\rust_mozprofilejTFlGP"
JavaScript error: resource://gre/modules/XULStore.jsm, line 66: Error: Can't find profile directory.
console.warn: SearchSettings: "get: No settings file exists, new profile?" (new Error("", "(unknown module)"))
1615839911684	Marionette	INFO	Listening on port 62166
1615839911793	Marionette	WARN	TLS certificate errors will be ignored for this session
1615839935106	Marionette	INFO	Stopped listening on port 62166

###!!! [Child][RunMessage] Error: Channel closing: too late to send/recv, messages will be lost

1615840468776	geckodriver	INFO	Listening on 127.0.0.1:52990
1615840471845	mozrunner::runner	INFO	Running command: "C:\\Program Files\\Mozilla Firefox\\firefox.exe" "--marionette" "-foreground" "-no-remote" "-profile" "C:\\Users\\ONURFU~1\\AppData\\Local\\Temp\\rust_mozprofileA7brWl"
JavaScript error: resource://gre/modules/XULStore.jsm, line 66: Error: Can't find profile directory.
console.warn: SearchSettings: "get: No settings file exists, new profile?" (new Error("", "(unknown module)"))
1615840474953	Marionette	INFO	Listening on port 52998
1615840475015	Marionette	WARN	TLS certificate errors will be ignored for this session
JavaScript warning: https://web.whatsapp.com/bootstrap_qr.8c6bd07fd55e4b8fbdb7.js, line 1: unreachable code after return statement
JavaScript warning: https://web.whatsapp.com/bootstrap_qr.8c6bd07fd55e4b8fbdb7.js, line 1: unreachable code after return statement

###!!! [Parent][MessageChannel] Error: (msgtype=0x690008,name=PMessagePort::Msg___delete__) Channel closing: too late to send/recv, messages will be lost

[Parent 11212, IPC I/O Parent] WARNING: p
###!!! [Parent][RunMessage] Error: Channel closing: too late to send/recv, messages will be lost

ipe error: 232: file /builds/worker/checkouts/gecko/ipc/chromium/src/chrome/common/ipc_channel_win.cc:545

###!!! [Parent][RunMessage] Error: Channel closing: too late to send/recv, messages will be lost


###!!! [Parent][RunMessage] Error: Channel closing: too late to send/recv, messages will be lost

1615840502515	Marionette	INFO	Stopped listening on port 52998

###!!! [Child][RunMessage] Error: Channel closing: too late to send/recv, messages will be lost

1615840528042	geckodriver	INFO	Listening on 127.0.0.1:53054
1615840531100	mozrunner::runner	INFO	Running command: "C:\\Program Files\\Mozilla Firefox\\firefox.exe" "--marionette" "-foreground" "-no-remote" "-profile" "C:\\Users\\ONURFU~1\\AppData\\Local\\Temp\\rust_mozprofile1pA6rI"
JavaScript error: resource://gre/modules/XULStore.jsm, line 66: Error: Can't find profile directory.
console.warn: SearchSettings: "get: No settings file exists, new profile?" (new Error("", "(unknown module)"))
1615840533983	Marionette	INFO	Listening on port 53062
1615840534235	Marionette	WARN	TLS certificate errors will be ignored for this session
JavaScript warning: https://web.whatsapp.com/bootstrap_qr.8c6bd07fd55e4b8fbdb7.js, line 1: unreachable code after return statement
JavaScript warning: https://web.whatsapp.com/bootstrap_qr.8c6bd07fd55e4b8fbdb7.js, line 1: unreachable code after return statement

###!!! [Parent][MessageChannel] Error: (msgtype=0x690008,name=PMessagePort::Msg___delete__) Channel closing: too late to send/recv, messages will be lost


###!!! [Parent][RunMessage] Error: Channel closing: too late to send/recv, messages will be lost


###!!! [Parent][RunMessage] Error: Channel closing: too late to send/recv, messages will be lost

1615840580517	Marionette	INFO	Stopped listening on port 53062

###!!! [Child][RunMessage] Error: Channel closing: too late to send/recv, messages will be lost

1615840609085	geckodriver	INFO	Listening on 127.0.0.1:53126
1615840612142	mozrunner::runner	INFO	Running command: "C:\\Program Files\\Mozilla Firefox\\firefox.exe" "--marionette" "-foreground" "-no-remote" "-profile" "C:\\Users\\ONURFU~1\\AppData\\Local\\Temp\\rust_mozprofileFnfSFc"
JavaScript error: resource://gre/modules/XULStore.jsm, line 66: Error: Can't find profile directory.
console.warn: SearchSettings: "get: No settings file exists, new profile?" (new Error("", "(unknown module)"))
1615840615222	Marionette	INFO	Listening on port 53134
1615840615310	Marionette	WARN	TLS certificate errors will be ignored for this session
JavaScript warning: https://web.whatsapp.com/bootstrap_qr.8c6bd07fd55e4b8fbdb7.js, line 1: unreachable code after return statement
JavaScript warning: https://web.whatsapp.com/bootstrap_qr.8c6bd07fd55e4b8fbdb7.js, line 1: unreachable code after return statement
JavaScript warning: https://web.whatsapp.com/bootstrap_qr.8c6bd07fd55e4b8fbdb7.js, line 1: unreachable code after return statement
Handler function threw an exception: [Exception... "Component returned failure code: 0x80040111 (NS_ERROR_NOT_AVAILABLE) [nsIHttpChannelInternal.remoteAddress]"  nsresult: "0x80040111 (NS_ERROR_NOT_AVAILABLE)"  location: "JS frame :: resource://devtools/server/actors/network-monitor/network-observer.js :: _onResponseHeader :: line 1186"  data: no]
Stack: _onResponseHeader@resource://devtools/server/actors/network-monitor/network-observer.js:1186:5
_dispatchActivity@resource://devtools/server/actors/network-monitor/network-observer.js:631:14
NetworkObserver.prototype.observeActivity<@resource://devtools/server/actors/network-monitor/network-observer.js:740:12
exports.makeInfallible/<@resource://devtools/shared/ThreadSafeDevToolsUtils.js:103:22
Line: 1186, column: 0
console.error: ({})
Handler function threw an exception: TypeError: undefined has no properties
Stack: _getWaitTiming@resource://devtools/server/actors/network-monitor/network-observer.js:1285:1
_setupHarTimings@resource://devtools/server/actors/network-monitor/network-observer.js:1510:28
_onTransactionClose@resource://devtools/server/actors/network-monitor/network-observer.js:1233:27
_dispatchActivity@resource://devtools/server/actors/network-monitor/network-observer.js:634:14
NetworkObserver.prototype.observeActivity<@resource://devtools/server/actors/network-monitor/network-observer.js:740:12
exports.makeInfallible/<@resource://devtools/shared/ThreadSafeDevToolsUtils.js:103:22
Line: 1285, column: 1
console.error: (new TypeError("undefined has no properties", "resource://devtools/server/actors/network-monitor/network-observer.js", 1285))

###!!! [Parent][MessageChannel] Error: (msgtype=0x690008,name=PMessagePort::Msg___delete__) Channel closing: too late to send/recv, messages will be lost


###!!! [Parent][RunMessage] Error: Channel closing: too late to send/recv, messages will be lost


###!!! [Parent][RunMessage] Error: Channel closing: too late to send/recv, messages will be lost

1615840721604	Marionette	INFO	Stopped listening on port 53134

###!!! [Child][RunMessage] Error: Channel closing: too late to send/recv, messages will be lost

1615840749628	geckodriver	INFO	Listening on 127.0.0.1:53211
1615840752706	mozrunner::runner	INFO	Running command: "C:\\Program Files\\Mozilla Firefox\\firefox.exe" "--marionette" "-foreground" "-no-remote" "-profile" "C:\\Users\\ONURFU~1\\AppData\\Local\\Temp\\rust_mozprofilePw5lJN"
JavaScript error: resource://gre/modules/XULStore.jsm, line 66: Error: Can't find profile directory.
console.warn: SearchSettings: "get: No settings file exists, new profile?" (new Error("", "(unknown module)"))
1615840755773	Marionette	INFO	Listening on port 53219
1615840755875	Marionette	WARN	TLS certificate errors will be ignored for this session
JavaScript warning: https://web.whatsapp.com/bootstrap_qr.8c6bd07fd55e4b8fbdb7.js, line 1: unreachable code after return statement
JavaScript warning: https://web.whatsapp.com/bootstrap_qr.8c6bd07fd55e4b8fbdb7.js, line 1: unreachable code after return statement

###!!! [Parent][MessageChannel] Error: (msgtype=0x690008,name=PMessagePort::Msg___delete__) Channel closing: too late to send/recv, messages will be lost


###!!! [Parent][RunMessage] Error: Channel closing: too late to send/recv, messages will be lost


###!!! [Parent][RunMessage] Error: Channel closing: too late to send/recv, messages will be lost


###!!! [Parent][RunMessage] Error: Channel closing: too late to send/recv, messages will be lost


###!!! [Parent][RunMessage] Error: Channel closing: too late to send/recv, messages will be lost


###!!! [Parent][RunMessage] Error: Channel closing: too late to send/recv, messages will be lost

1615840936777	geckodriver	INFO	Listening on 127.0.0.1:53285
1615840939870	mozrunner::runner	INFO	Running command: "C:\\Program Files\\Mozilla Firefox\\firefox.exe" "--marionette" "-foreground" "-no-remote" "-profile" "C:\\Users\\ONURFU~1\\AppData\\Local\\Temp\\rust_mozprofileqRg3J5"
JavaScript error: resource://gre/modules/XULStore.jsm, line 66: Error: Can't find profile directory.
console.warn: SearchSettings: "get: No settings file exists, new profile?" (new Error("", "(unknown module)"))
1615840943032	Marionette	INFO	Listening on port 53293
1615840943551	Marionette	WARN	TLS certificate errors will be ignored for this session
JavaScript warning: https://web.whatsapp.com/bootstrap_qr.8c6bd07fd55e4b8fbdb7.js, line 1: unreachable code after return statement
JavaScript warning: https://web.whatsapp.com/bootstrap_qr.8c6bd07fd55e4b8fbdb7.js, line 1: unreachable code after return statement

###!!! [Parent][RunMessage] Error: Channel closing: too late to send/recv, messages will be lost

[Parent 4352, IPC I/O Parent] WARNING: pipe error: 232: file /builds/worker/checkouts/gecko/ipc/chromium/src/chrome/common/ipc_channel_win.cc:545

###!!! [Parent][RunMessage] Error: Channel closing: too late to send/recv, messages will be lost

1615840983736	Marionette	INFO	Stopped listening on port 53293

###!!! [Child][RunMessage] Error: Channel closing: too late to send/recv, messages will be lost

1615840995197	geckodriver	INFO	Listening on 127.0.0.1:53358
1615840998306	mozrunner::runner	INFO	Running command: "C:\\Program Files\\Mozilla Firefox\\firefox.exe" "--marionette" "-foreground" "-no-remote" "-profile" "C:\\Users\\ONURFU~1\\AppData\\Local\\Temp\\rust_mozprofilevTpHpl"
JavaScript error: resource://gre/modules/XULStore.jsm, line 66: Error: Can't find profile directory.
console.warn: SearchSettings: "get: No settings file exists, new profile?" (new Error("", "(unknown module)"))
1615841001410	Marionette	INFO	Listening on port 53366
1615841001473	Marionette	WARN	TLS certificate errors will be ignored for this session
JavaScript warning: https://web.whatsapp.com/bootstrap_qr.8c6bd07fd55e4b8fbdb7.js, line 1: unreachable code after return statement
JavaScript warning: https://web.whatsapp.com/bootstrap_qr.8c6bd07fd55e4b8fbdb7.js, line 1: unreachable code after return statement

###!!! [Parent][MessageChannel] Error: (msgtype=0x690008,name=PMessagePort::Msg___delete__) Channel closing: too late to send/recv, messages will be lost

JavaScript warning: https://web.whatsapp.com/bootstrap_qr.8c6bd07fd55e4b8fbdb7.js, line 1: unreachable code after return statement
JavaScript warning: https://web.whatsapp.com/bootstrap_qr.8c6bd07fd55e4b8fbdb7.js, line 1: unreachable code after return statement
JavaScript warning: https://web.whatsapp.com/bootstrap_qr.8c6bd07fd55e4b8fbdb7.js, line 1: unreachable code after return statement
JavaScript warning: https://web.whatsapp.com/bootstrap_qr.8c6bd07fd55e4b8fbdb7.js, line 1: unreachable code after return statement
JavaScript warning: https://web.whatsapp.com/bootstrap_qr.8c6bd07fd55e4b8fbdb7.js, line 1: unreachable code after return statement
JavaScript warning: https://web.whatsapp.com/bootstrap_qr.8c6bd07fd55e4b8fbdb7.js, line 1: unreachable code after return statement

###!!! [Parent][RunMessage] Error: Channel closing: too late to send/recv, messages will be lost

JavaScript warning: https://web.whatsapp.com/bootstrap_qr.8c6bd07fd55e4b8fbdb7.js, line 1: unreachable code after return statement
JavaScript warning: https://web.whatsapp.com/bootstrap_qr.8c6bd07fd55e4b8fbdb7.js, line 1: unreachable code after return statement
JavaScript error: resource:///modules/UrlbarInput.jsm, line 2854: TypeError: event.target.closest is not a function

###!!! [Parent][RunMessage] Error: Channel closing: too late to send/recv, messages will be lost

[Parent 12772, IPC I/O Parent] WARNING: pipe error: 232: file /builds/worker/checkouts/gecko/ipc/chromium/src/chrome/common/ipc_channel_win.cc:545

###!!! [Parent][MessageChannel] Error: (msgtype=0x690008,name=PMessagePort::Msg___delete__) Channel error: cannot send/recv


###!!! [Parent][RunMessage] Error: Channel error: cannot send/recv


###!!! [Parent][RunMessage] Error: Channel error: cannot send/recv


###!!! [Parent][RunMessage] Error: Channel error: cannot send/recv


###!!! [Parent][RunMessage] Error: Channel error: cannot send/recv


###!!! [Parent][RunMessage] Error: Channel error: cannot send/recv

1615841090725	Marionette	INFO	Stopped listening on port 53366

###!!! [Child][RunMessage] Error: Channel closing: too late to send/recv, messages will be lost

1615842321430	geckodriver	INFO	Listening on 127.0.0.1:53893
1615842324489	mozrunner::runner	INFO	Running command: "C:\\Program Files\\Mozilla Firefox\\firefox.exe" "--marionette" "-foreground" "-no-remote" "-profile" "C:\\Users\\ONURFU~1\\AppData\\Local\\Temp\\rust_mozprofilewAdZQo"
JavaScript error: resource://gre/modules/XULStore.jsm, line 66: Error: Can't find profile directory.
console.warn: SearchSettings: "get: No settings file exists, new profile?" (new Error("", "(unknown module)"))
1615842327486	Marionette	INFO	Listening on port 53901
1615842327618	Marionette	WARN	TLS certificate errors will be ignored for this session
JavaScript warning: https://web.whatsapp.com/bootstrap_qr.8c6bd07fd55e4b8fbdb7.js, line 1: unreachable code after return statement
JavaScript warning: https://web.whatsapp.com/bootstrap_qr.8c6bd07fd55e4b8fbdb7.js, line 1: unreachable code after return statement
JavaScript warning: https://web.whatsapp.com/bootstrap_qr.8c6bd07fd55e4b8fbdb7.js, line 1: unreachable code after return statement
JavaScript warning: https://web.whatsapp.com/bootstrap_qr.8c6bd07fd55e4b8fbdb7.js, line 1: unreachable code after return statement

###!!! [Parent][RunMessage] Error: Channel closing: too late to send/recv, messages will be lost

JavaScript warning: https://web.whatsapp.com/bootstrap_qr.8c6bd07fd55e4b8fbdb7.js, line 1: unreachable code after return statement
JavaScript warning: https://web.whatsapp.com/bootstrap_qr.8c6bd07fd55e4b8fbdb7.js, line 1: unreachable code after return statement

###!!! [Parent][RunMessage] Error: Channel closing: too late to send/recv, messages will be lost

1615842380108	Marionette	INFO	Stopped listening on port 53901

###!!! [Child][RunMessage] Error: Channel closing: too late to send/recv, messages will be lost

1615843050224	geckodriver	INFO	Listening on 127.0.0.1:50050
1615843053292	mozrunner::runner	INFO	Running command: "C:\\Program Files\\Mozilla Firefox\\firefox.exe" "--marionette" "-foreground" "-no-remote" "-profile" "C:\\Users\\ONURFU~1\\AppData\\Local\\Temp\\rust_mozprofileKykJOK"
JavaScript error: resource://gre/modules/XULStore.jsm, line 66: Error: Can't find profile directory.
console.warn: SearchSettings: "get: No settings file exists, new profile?" (new Error("", "(unknown module)"))
1615843056395	Marionette	INFO	Listening on port 50058
1615843056468	Marionette	WARN	TLS certificate errors will be ignored for this session
JavaScript warning: https://web.whatsapp.com/bootstrap_qr.8c6bd07fd55e4b8fbdb7.js, line 1: unreachable code after return statement
JavaScript warning: https://web.whatsapp.com/bootstrap_qr.8c6bd07fd55e4b8fbdb7.js, line 1: unreachable code after return statement
JavaScript error: resource://gre/modules/Sqlite.jsm, line 1030: Error: Sqlite.jsm has been shutdown. Cannot open connection to: C:\Users\Onur Furkan Meral\AppData\Local\Temp\rust_mozprofileKykJOK\protections.sqlite
[Parent 10460, IPC I/O Parent] WARNING: pipe error: 232: file /builds/worker/checkouts/gecko/ipc/chromium/src/chrome/common/ipc_channel_win.cc:545
1615843095788	Marionette	INFO	Stopped listening on port 50058

###!!! [Child][RunMessage] Error: Channel closing: too late to send/recv, messages will be lost

1615844005909	geckodriver	INFO	Listening on 127.0.0.1:63251
1615844008942	mozrunner::runner	INFO	Running command: "C:\\Program Files\\Mozilla Firefox\\firefox.exe" "--marionette" "-foreground" "-no-remote" "-profile" "C:\\Users\\ONURFU~1\\AppData\\Local\\Temp\\rust_mozprofile5VAn1O"
JavaScript error: resource://gre/modules/XULStore.jsm, line 66: Error: Can't find profile directory.
console.warn: SearchSettings: "get: No settings file exists, new profile?" (new Error("", "(unknown module)"))
1615844012198	Marionette	INFO	Listening on port 63259
1615844012578	Marionette	WARN	TLS certificate errors will be ignored for this session
JavaScript warning: https://web.whatsapp.com/bootstrap_qr.8c6bd07fd55e4b8fbdb7.js, line 1: unreachable code after return statement
JavaScript warning: https://web.whatsapp.com/bootstrap_qr.8c6bd07fd55e4b8fbdb7.js, line 1: unreachable code after return statement
JavaScript error: https://web.whatsapp.com/bootstrap_qr.8c6bd07fd55e4b8fbdb7.js, line 1: NS_ERROR_NOT_INITIALIZED: 
JavaScript error: , line 0: NetworkError: FetchEvent.respondWith() Promise rejected
JavaScript error: , line 0: NetworkError: FetchEvent.respondWith() Promise rejected
JavaScript error: , line 0: NetworkError: FetchEvent.respondWith() Promise rejected
JavaScript error: , line 0: NetworkError: FetchEvent.respondWith() Promise rejected
JavaScript error: , line 0: NetworkError: FetchEvent.respondWith() Promise rejected
JavaScript error: , line 0: NetworkError: FetchEvent.respondWith() Promise rejected
JavaScript error: , line 0: NetworkError: FetchEvent.respondWith() Promise rejected
JavaScript error: , line 0: NetworkError: FetchEvent.respondWith() Promise rejected
JavaScript error: , line 0: NetworkError: FetchEvent.respondWith() Promise rejected
JavaScript error: , line 0: NetworkError: FetchEvent.respondWith() Promise rejected
JavaScript error: , line 0: NetworkError: FetchEvent.respondWith() Promise rejected
JavaScript error: , line 0: NetworkError: FetchEvent.respondWith() Promise rejected
JavaScript error: , line 0: NetworkError: FetchEvent.respondWith() Promise rejected
JavaScript error: , line 0: NetworkError: FetchEvent.respondWith() Promise rejected
JavaScript error: , line 0: NetworkError: FetchEvent.respondWith() Promise rejected
JavaScript error: , line 0: NetworkError: FetchEvent.respondWith() Promise rejected
JavaScript error: , line 0: NetworkError: FetchEvent.respondWith() Promise rejected
JavaScript error: , line 0: NetworkError: FetchEvent.respondWith() Promise rejected
JavaScript error: , line 0: NetworkError: FetchEvent.respondWith() Promise rejected
JavaScript error: , line 0: NetworkError: FetchEvent.respondWith() Promise rejected
JavaScript error: , line 0: NetworkError: FetchEvent.respondWith() Promise rejected
JavaScript error: , line 0: NetworkError: FetchEvent.respondWith() Promise rejected
JavaScript error: , line 0: NetworkError: FetchEvent.respondWith() Promise rejected
JavaScript error: , line 0: NetworkError: FetchEvent.respondWith() Promise rejected
JavaScript error: , line 0: NetworkError: FetchEvent.respondWith() Promise rejected
JavaScript error: , line 0: NetworkError: FetchEvent.respondWith() Promise rejected
JavaScript error: , line 0: NetworkError: FetchEvent.respondWith() Promise rejected
JavaScript error: , line 0: NetworkError: FetchEvent.respondWith() Promise rejected
JavaScript error: , line 0: NetworkError: FetchEvent.respondWith() Promise rejected
JavaScript error: , line 0: NetworkError: FetchEvent.respondWith() Promise rejected
JavaScript error: , line 0: NetworkError: FetchEvent.respondWith() Promise rejected
JavaScript error: , line 0: NetworkError: FetchEvent.respondWith() Promise rejected
JavaScript error: , line 0: NetworkError: FetchEvent.respondWith() Promise rejected
JavaScript error: , line 0: NetworkError: FetchEvent.respondWith() Promise rejected
1615844054370	Marionette	INFO	Stopped listening on port 63259

###!!! [Child][RunMessage] Error: Channel closing: too late to send/recv, messages will be lost

1615844064655	geckodriver	INFO	Listening on 127.0.0.1:63379
1615844067718	mozrunner::runner	INFO	Running command: "C:\\Program Files\\Mozilla Firefox\\firefox.exe" "--marionette" "-foreground" "-no-remote" "-profile" "C:\\Users\\ONURFU~1\\AppData\\Local\\Temp\\rust_mozprofileJ4qOyf"
JavaScript error: resource://gre/modules/XULStore.jsm, line 66: Error: Can't find profile directory.
console.warn: SearchSettings: "get: No settings file exists, new profile?" (new Error("", "(unknown module)"))
1615844071010	Marionette	INFO	Listening on port 63387
1615844071345	Marionette	WARN	TLS certificate errors will be ignored for this session
JavaScript warning: https://web.whatsapp.com/bootstrap_qr.8c6bd07fd55e4b8fbdb7.js, line 1: unreachable code after return statement
JavaScript warning: https://web.whatsapp.com/bootstrap_qr.8c6bd07fd55e4b8fbdb7.js, line 1: unreachable code after return statement

###!!! [Parent][RunMessage] Error: Channel closing: too late to send/recv, messages will be lost

1615844108209	Marionette	INFO	Stopped listening on port 63387

###!!! [Child][RunMessage] Error: Channel closing: too late to send/recv, messages will be lost

1615844155314	geckodriver	INFO	Listening on 127.0.0.1:63455
1615844158364	mozrunner::runner	INFO	Running command: "C:\\Program Files\\Mozilla Firefox\\firefox.exe" "--marionette" "-foreground" "-no-remote" "-profile" "C:\\Users\\ONURFU~1\\AppData\\Local\\Temp\\rust_mozprofileAmaFnD"
JavaScript error: resource://gre/modules/XULStore.jsm, line 66: Error: Can't find profile directory.
console.warn: SearchSettings: "get: No settings file exists, new profile?" (new Error("", "(unknown module)"))
1615844161637	Marionette	INFO	Listening on port 63463
1615844162010	Marionette	WARN	TLS certificate errors will be ignored for this session
JavaScript warning: https://web.whatsapp.com/bootstrap_qr.8c6bd07fd55e4b8fbdb7.js, line 1: unreachable code after return statement
JavaScript warning: https://web.whatsapp.com/bootstrap_qr.8c6bd07fd55e4b8fbdb7.js, line 1: unreachable code after return statement
JavaScript warning: https://web.whatsapp.com/bootstrap_qr.8c6bd07fd55e4b8fbdb7.js, line 1: unreachable code after return statement
JavaScript warning: https://web.whatsapp.com/bootstrap_qr.8c6bd07fd55e4b8fbdb7.js, line 1: unreachable code after return statement
JavaScript warning: https://web.whatsapp.com/bootstrap_qr.8c6bd07fd55e4b8fbdb7.js, line 1: unreachable code after return statement
JavaScript warning: https://web.whatsapp.com/bootstrap_qr.8c6bd07fd55e4b8fbdb7.js, line 1: unreachable code after return statement
[Parent 5556, IPC I/O Parent] WARNING: pipe error: 232: file /builds/worker/checkouts/gecko/ipc/chromium/src/chrome/common/ipc_channel_win.cc:545
1615844205965	Marionette	INFO	Stopped listening on port 63463

###!!! [Child][RunMessage] Error: Channel closing: too late to send/recv, messages will be lost

1615844259127	geckodriver	INFO	Listening on 127.0.0.1:63525
1615844262243	mozrunner::runner	INFO	Running command: "C:\\Program Files\\Mozilla Firefox\\firefox.exe" "--marionette" "-foreground" "-no-remote" "-profile" "C:\\Users\\ONURFU~1\\AppData\\Local\\Temp\\rust_mozprofilefpAcYw"
JavaScript error: resource://gre/modules/XULStore.jsm, line 66: Error: Can't find profile directory.
console.warn: SearchSettings: "get: No settings file exists, new profile?" (new Error("", "(unknown module)"))
1615844265397	Marionette	INFO	Listening on port 63533
1615844265426	Marionette	WARN	TLS certificate errors will be ignored for this session
JavaScript warning: https://web.whatsapp.com/bootstrap_qr.8c6bd07fd55e4b8fbdb7.js, line 1: unreachable code after return statement
JavaScript warning: https://web.whatsapp.com/bootstrap_qr.8c6bd07fd55e4b8fbdb7.js, line 1: unreachable code after return statement

###!!! [Parent][RunMessage] Error: Channel closing: too late to send/recv, messages will be lost


###!!! [Parent][RunMessage] Error: Channel closing: too late to send/recv, messages will be lost


###!!! [Parent][RunMessage] Error: Channel closing: too late to send/recv, messages will be lost


###!!! [Parent][RunMessage] Error: Channel closing: too late to send/recv, messages will be lost


###!!! [Parent][RunMessage] Error: Channel closing: too late to send/recv, messages will be lost


###!!! [Parent][RunMessage] Error: Channel closing: too late to send/recv, messages will be lost

1615844301364	Marionette	INFO	Stopped listening on port 63533

###!!! [Child][RunMessage] Error: Channel closing: too late to send/recv, messages will be lost

1615844606548	geckodriver	INFO	Listening on 127.0.0.1:52773
1615844609640	mozrunner::runner	INFO	Running command: "C:\\Program Files\\Mozilla Firefox\\firefox.exe" "--marionette" "-foreground" "-no-remote" "-profile" "C:\\Users\\ONURFU~1\\AppData\\Local\\Temp\\rust_mozprofile0VZk3y"
JavaScript error: resource://gre/modules/XULStore.jsm, line 66: Error: Can't find profile directory.
console.warn: SearchSettings: "get: No settings file exists, new profile?" (new Error("", "(unknown module)"))
1615844612734	Marionette	INFO	Listening on port 52781
1615844612841	Marionette	WARN	TLS certificate errors will be ignored for this session
JavaScript warning: https://web.whatsapp.com/bootstrap_qr.8c6bd07fd55e4b8fbdb7.js, line 1: unreachable code after return statement
JavaScript warning: https://web.whatsapp.com/bootstrap_qr.8c6bd07fd55e4b8fbdb7.js, line 1: unreachable code after return statement
1615844644036	Marionette	INFO	Stopped listening on port 52781

###!!! [Child][RunMessage] Error: Channel closing: too late to send/recv, messages will be lost

1615844717439	geckodriver	INFO	Listening on 127.0.0.1:52839
1615844720540	mozrunner::runner	INFO	Running command: "C:\\Program Files\\Mozilla Firefox\\firefox.exe" "--marionette" "-foreground" "-no-remote" "-profile" "C:\\Users\\ONURFU~1\\AppData\\Local\\Temp\\rust_mozprofilezhpPA4"
JavaScript error: resource://gre/modules/XULStore.jsm, line 66: Error: Can't find profile directory.
console.warn: SearchSettings: "get: No settings file exists, new profile?" (new Error("", "(unknown module)"))
1615844723704	Marionette	INFO	Listening on port 52847
1615844724221	Marionette	WARN	TLS certificate errors will be ignored for this session
JavaScript warning: https://web.whatsapp.com/bootstrap_qr.8c6bd07fd55e4b8fbdb7.js, line 1: unreachable code after return statement
JavaScript warning: https://web.whatsapp.com/bootstrap_qr.8c6bd07fd55e4b8fbdb7.js, line 1: unreachable code after return statement
1615844756418	Marionette	INFO	Stopped listening on port 52847

###!!! [Child][RunMessage] Error: Channel closing: too late to send/recv, messages will be lost

1615844977615	geckodriver	INFO	Listening on 127.0.0.1:52950
1615844980667	mozrunner::runner	INFO	Running command: "C:\\Program Files\\Mozilla Firefox\\firefox.exe" "--marionette" "-foreground" "-no-remote" "-profile" "C:\\Users\\ONURFU~1\\AppData\\Local\\Temp\\rust_mozprofileGBrPzi"
JavaScript error: resource://gre/modules/XULStore.jsm, line 66: Error: Can't find profile directory.
console.warn: SearchSettings: "get: No settings file exists, new profile?" (new Error("", "(unknown module)"))
1615844983926	Marionette	INFO	Listening on port 52958
1615844984367	Marionette	WARN	TLS certificate errors will be ignored for this session
JavaScript warning: https://web.whatsapp.com/bootstrap_qr.8c6bd07fd55e4b8fbdb7.js, line 1: unreachable code after return statement
JavaScript warning: https://web.whatsapp.com/bootstrap_qr.8c6bd07fd55e4b8fbdb7.js, line 1: unreachable code after return statement
[Parent 7436, IPC I/O Parent] WARNING: pipe error: 232: file /builds/worker/checkouts/gecko/ipc/chromium/src/chrome/common/ipc_channel_win.cc:545
[Parent 7436, IPC I/O Parent] WARNING: pipe error: 232: file /builds/worker/checkouts/gecko/ipc/chromium/src/chrome/common/ipc_channel_win.cc:545
1615845010609	Marionette	INFO	Stopped listening on port 52958

###!!! [Child][RunMessage] Error: Channel closing: too late to send/recv, messages will be lost

1615845127420	geckodriver	INFO	Listening on 127.0.0.1:53022
1615845130457	mozrunner::runner	INFO	Running command: "C:\\Program Files\\Mozilla Firefox\\firefox.exe" "--marionette" "-foreground" "-no-remote" "-profile" "C:\\Users\\ONURFU~1\\AppData\\Local\\Temp\\rust_mozprofilelXQCOp"
JavaScript error: resource://gre/modules/XULStore.jsm, line 66: Error: Can't find profile directory.
console.warn: SearchSettings: "get: No settings file exists, new profile?" (new Error("", "(unknown module)"))
1615845133483	Marionette	INFO	Listening on port 53030
1615845133641	Marionette	WARN	TLS certificate errors will be ignored for this session
JavaScript warning: https://web.whatsapp.com/bootstrap_qr.8c6bd07fd55e4b8fbdb7.js, line 1: unreachable code after return statement
JavaScript warning: https://web.whatsapp.com/bootstrap_qr.8c6bd07fd55e4b8fbdb7.js, line 1: unreachable code after return statement
1615845175125	Marionette	INFO	Stopped listening on port 53030

###!!! [Child][RunMessage] Error: Channel closing: too late to send/recv, messages will be lost

1615845377650	geckodriver	INFO	Listening on 127.0.0.1:53120
1615845380723	mozrunner::runner	INFO	Running command: "C:\\Program Files\\Mozilla Firefox\\firefox.exe" "--marionette" "-foreground" "-no-remote" "-profile" "C:\\Users\\ONURFU~1\\AppData\\Local\\Temp\\rust_mozprofile5Rs9QK"
JavaScript error: resource://gre/modules/XULStore.jsm, line 66: Error: Can't find profile directory.
console.warn: SearchSettings: "get: No settings file exists, new profile?" (new Error("", "(unknown module)"))
1615845383793	Marionette	INFO	Listening on port 53128
1615845383885	Marionette	WARN	TLS certificate errors will be ignored for this session
JavaScript warning: https://web.whatsapp.com/bootstrap_qr.8c6bd07fd55e4b8fbdb7.js, line 1: unreachable code after return statement
JavaScript warning: https://web.whatsapp.com/bootstrap_qr.8c6bd07fd55e4b8fbdb7.js, line 1: unreachable code after return statement

###!!! [Parent][MessageChannel] Error: (msgtype=0x690008,name=PMessagePort::Msg___delete__) Channel closing: too late to send/recv, messages will be lost

JavaScript error: , line 0: NetworkError: FetchEvent.respondWith() Promise rejected
JavaScript error: , line 0: NetworkError: FetchEvent.respondWith() Promise rejected
JavaScript error: , line 0: NetworkError: FetchEvent.respondWith() Promise rejected
JavaScript error: , line 0: NetworkError: FetchEvent.respondWith() Promise rejected
JavaScript error: , line 0: NetworkError: FetchEvent.respondWith() Promise rejected
JavaScript error: , line 0: NetworkError: FetchEvent.respondWith() Promise rejected
JavaScript error: , line 0: NetworkError: FetchEvent.respondWith() Promise rejected
JavaScript error: , line 0: NetworkError: FetchEvent.respondWith() Promise rejected
JavaScript error: , line 0: NetworkError: FetchEvent.respondWith() Promise rejected
JavaScript error: , line 0: NetworkError: FetchEvent.respondWith() Promise rejected
JavaScript error: , line 0: NetworkError: FetchEvent.respondWith() Promise rejected
JavaScript error: , line 0: NetworkError: FetchEvent.respondWith() Promise rejected
JavaScript error: , line 0: NetworkError: FetchEvent.respondWith() Promise rejected
JavaScript error: , line 0: NetworkError: FetchEvent.respondWith() Promise rejected
JavaScript error: , line 0: NetworkError: FetchEvent.respondWith() Promise rejected
JavaScript error: , line 0: NetworkError: FetchEvent.respondWith() Promise rejected
JavaScript error: , line 0: NetworkError: FetchEvent.respondWith() Promise rejected
JavaScript error: , line 0: NetworkError: FetchEvent.respondWith() Promise rejected
JavaScript error: , line 0: NetworkError: FetchEvent.respondWith() Promise rejected
JavaScript error: , line 0: NetworkError: FetchEvent.respondWith() Promise rejected
JavaScript error: , line 0: NetworkError: FetchEvent.respondWith() Promise rejected
JavaScript error: , line 0: NetworkError: FetchEvent.respondWith() Promise rejected
JavaScript error: , line 0: NetworkError: FetchEvent.respondWith() Promise rejected
JavaScript error: , line 0: NetworkError: FetchEvent.respondWith() Promise rejected
JavaScript error: , line 0: NetworkError: FetchEvent.respondWith() Promise rejected
JavaScript error: , line 0: NetworkError: FetchEvent.respondWith() Promise rejected
JavaScript error: , line 0: NetworkError: FetchEvent.respondWith() Promise rejected
JavaScript error: , line 0: NetworkError: FetchEvent.respondWith() Promise rejected
JavaScript error: , line 0: NetworkError: FetchEvent.respondWith() Promise rejected
JavaScript error: , line 0: NetworkError: FetchEvent.respondWith() Promise rejected
JavaScript error: , line 0: NetworkError: FetchEvent.respondWith() Promise rejected
JavaScript error: , line 0: NetworkError: FetchEvent.respondWith() Promise rejected
JavaScript error: , line 0: NetworkError: FetchEvent.respondWith() Promise rejected
JavaScript error: , line 0: NetworkError: FetchEvent.respondWith() Promise rejected
JavaScript error: , line 0: NetworkError: FetchEvent.respondWith() Promise rejected
JavaScript error: , line 0: NetworkError: FetchEvent.respondWith() Promise rejected
JavaScript error: , line 0: NetworkError: FetchEvent.respondWith() Promise rejected
JavaScript error: , line 0: NetworkError: FetchEvent.respondWith() Promise rejected
JavaScript error: , line 0: NetworkError: FetchEvent.respondWith() Promise rejected
JavaScript error: , line 0: NetworkError: FetchEvent.respondWith() Promise rejected
JavaScript error: , line 0: NetworkError: FetchEvent.respondWith() Promise rejected
JavaScript error: , line 0: NetworkError: FetchEvent.respondWith() Promise rejected
JavaScript error: , line 0: NetworkError: FetchEvent.respondWith() Promise rejected
JavaScript error: , line 0: NetworkError: FetchEvent.respondWith() Promise rejected
JavaScript error: , line 0: NetworkError: FetchEvent.respondWith() Promise rejected
JavaScript error: , line 0: NetworkError: FetchEvent.respondWith() Promise rejected
JavaScript error: , line 0: NetworkError: FetchEvent.respondWith() Promise rejected
JavaScript error: , line 0: NetworkError: FetchEvent.respondWith() Promise rejected
JavaScript error: , line 0: NetworkError: FetchEvent.respondWith() Promise rejected
JavaScript error: , line 0: NetworkError: FetchEvent.respondWith() Promise rejected
JavaScript error: , line 0: NetworkError: FetchEvent.respondWith() Promise rejected
JavaScript error: , line 0: NetworkError: FetchEvent.respondWith() Promise rejected
JavaScript error: , line 0: NetworkError: FetchEvent.respondWith() Promise rejected
JavaScript error: , line 0: NetworkError: FetchEvent.respondWith() Promise rejected
JavaScript error: , line 0: NetworkError: FetchEvent.respondWith() Promise rejected
JavaScript error: , line 0: NetworkError: FetchEvent.respondWith() Promise rejected
JavaScript error: , line 0: NetworkError: FetchEvent.respondWith() Promise rejected
JavaScript error: , line 0: NetworkError: FetchEvent.respondWith() Promise rejected
JavaScript error: , line 0: NetworkError: FetchEvent.respondWith() Promise rejected
JavaScript error: , line 0: NetworkError: FetchEvent.respondWith() Promise rejected
JavaScript error: , line 0: NetworkError: FetchEvent.respondWith() Promise rejected
JavaScript error: , line 0: NetworkError: FetchEvent.respondWith() Promise rejected
JavaScript error: , line 0: NetworkError: FetchEvent.respondWith() Promise rejected
JavaScript error: , line 0: NetworkError: FetchEvent.respondWith() Promise rejected
JavaScript error: , line 0: NetworkError: FetchEvent.respondWith() Promise rejected
JavaScript error: , line 0: NetworkError: FetchEvent.respondWith() Promise rejected
JavaScript error: , line 0: NetworkError: FetchEvent.respondWith() Promise rejected
JavaScript error: , line 0: NetworkError: FetchEvent.respondWith() Promise rejected
JavaScript error: , line 0: NetworkError: FetchEvent.respondWith() Promise rejected
JavaScript error: , line 0: NetworkError: FetchEvent.respondWith() Promise rejected
JavaScript error: , line 0: NetworkError: FetchEvent.respondWith() Promise rejected
JavaScript error: , line 0: NetworkError: FetchEvent.respondWith() Promise rejected
JavaScript error: , line 0: NetworkError: FetchEvent.respondWith() Promise rejected
JavaScript error: , line 0: NetworkError: FetchEvent.respondWith() Promise rejected
JavaScript error: , line 0: NetworkError: FetchEvent.respondWith() Promise rejected
JavaScript error: , line 0: NetworkError: FetchEvent.respondWith() Promise rejected
JavaScript error: , line 0: NetworkError: FetchEvent.respondWith() Promise rejected
JavaScript error: , line 0: NetworkError: FetchEvent.respondWith() Promise rejected
JavaScript error: , line 0: NetworkError: FetchEvent.respondWith() Promise rejected
JavaScript error: , line 0: NetworkError: FetchEvent.respondWith() Promise rejected
JavaScript error: , line 0: NetworkError: FetchEvent.respondWith() Promise rejected
JavaScript error: , line 0: NetworkError: FetchEvent.respondWith() Promise rejected
JavaScript error: , line 0: NetworkError: FetchEvent.respondWith() Promise rejected
JavaScript error: , line 0: NetworkError: FetchEvent.respondWith() Promise rejected
JavaScript error: , line 0: NetworkError: FetchEvent.respondWith() Promise rejected
JavaScript error: , line 0: NetworkError: FetchEvent.respondWith() Promise rejected
JavaScript error: , line 0: NetworkError: FetchEvent.respondWith() Promise rejected
JavaScript error: , line 0: NetworkError: FetchEvent.respondWith() Promise rejected
JavaScript error: , line 0: NetworkError: FetchEvent.respondWith() Promise rejected
1615845411099	Marionette	INFO	Stopped listening on port 53128

###!!! [Child][RunMessage] Error: Channel closing: too late to send/recv, messages will be lost

1615845558702	geckodriver	INFO	Listening on 127.0.0.1:53214
1615845561803	mozrunner::runner	INFO	Running command: "C:\\Program Files\\Mozilla Firefox\\firefox.exe" "--marionette" "-foreground" "-no-remote" "-profile" "C:\\Users\\ONURFU~1\\AppData\\Local\\Temp\\rust_mozprofileLGxYwY"
JavaScript error: resource://gre/modules/XULStore.jsm, line 66: Error: Can't find profile directory.
console.warn: SearchSettings: "get: No settings file exists, new profile?" (new Error("", "(unknown module)"))
1615845564844	Marionette	INFO	Listening on port 53222
1615845564966	Marionette	WARN	TLS certificate errors will be ignored for this session
JavaScript warning: https://web.whatsapp.com/bootstrap_qr.8c6bd07fd55e4b8fbdb7.js, line 1: unreachable code after return statement
JavaScript warning: https://web.whatsapp.com/bootstrap_qr.8c6bd07fd55e4b8fbdb7.js, line 1: unreachable code after return statement

###!!! [Parent][RunMessage] Error: Channel closing: too late to send/recv, messages will be lost


###!!! [Parent][RunMessage] Error: Channel closing: too late to send/recv, messages will be lost


###!!! [Parent][RunMessage] Error: Channel closing: too late to send/recv, messages will be lost


###!!! [Parent][RunMessage] Error: Channel closing: too late to send/recv, messages will be lost

1615845594136	Marionette	INFO	Stopped listening on port 53222

###!!! [Child][RunMessage] Error: Channel closing: too late to send/recv, messages will be lost

1615846390937	geckodriver	INFO	Listening on 127.0.0.1:53612
1615846394032	mozrunner::runner	INFO	Running command: "C:\\Program Files\\Mozilla Firefox\\firefox.exe" "--marionette" "-foreground" "-no-remote" "-profile" "C:\\Users\\ONURFU~1\\AppData\\Local\\Temp\\rust_mozprofilemLJzLY"
JavaScript error: resource://gre/modules/XULStore.jsm, line 66: Error: Can't find profile directory.
console.warn: SearchSettings: "get: No settings file exists, new profile?" (new Error("", "(unknown module)"))
console.error: Region.jsm: "Error fetching region" (new TypeError("NetworkError when attempting to fetch resource.", ""))
console.error: Region.jsm: "Failed to fetch region" (new Error("NO_RESULT", "resource://gre/modules/Region.jsm", 422))
1615846397133	Marionette	INFO	Listening on port 53620
1615846397229	Marionette	WARN	TLS certificate errors will be ignored for this session
1615846407067	Marionette	INFO	Stopped listening on port 53620

###!!! [Child][RunMessage] Error: Channel closing: too late to send/recv, messages will be lost

1615846441138	geckodriver	INFO	Listening on 127.0.0.1:53656
1615846444195	mozrunner::runner	INFO	Running command: "C:\\Program Files\\Mozilla Firefox\\firefox.exe" "--marionette" "-foreground" "-no-remote" "-profile" "C:\\Users\\ONURFU~1\\AppData\\Local\\Temp\\rust_mozprofileXlxoko"
JavaScript error: resource://gre/modules/XULStore.jsm, line 66: Error: Can't find profile directory.
console.warn: SearchSettings: "get: No settings file exists, new profile?" (new Error("", "(unknown module)"))
1615846447289	Marionette	INFO	Listening on port 53664
1615846447379	Marionette	WARN	TLS certificate errors will be ignored for this session
JavaScript warning: https://web.whatsapp.com/bootstrap_qr.8c6bd07fd55e4b8fbdb7.js, line 1: unreachable code after return statement
JavaScript warning: https://web.whatsapp.com/bootstrap_qr.8c6bd07fd55e4b8fbdb7.js, line 1: unreachable code after return statement
1615846475187	Marionette	INFO	Stopped listening on port 53664

###!!! [Child][RunMessage] Error: Channel closing: too late to send/recv, messages will be lost

1615846507097	geckodriver	INFO	Listening on 127.0.0.1:53729
1615846510184	mozrunner::runner	INFO	Running command: "C:\\Program Files\\Mozilla Firefox\\firefox.exe" "--marionette" "-foreground" "-no-remote" "-profile" "C:\\Users\\ONURFU~1\\AppData\\Local\\Temp\\rust_mozprofileeUyk78"
JavaScript error: resource://gre/modules/XULStore.jsm, line 66: Error: Can't find profile directory.
console.warn: SearchSettings: "get: No settings file exists, new profile?" (new Error("", "(unknown module)"))
1615846513323	Marionette	INFO	Listening on port 53737
1615846513370	Marionette	WARN	TLS certificate errors will be ignored for this session
console.error: Region.jsm: "Error fetching region" (new Error("TIMEOUT", "resource://gre/modules/Region.jsm", 775))
console.error: Region.jsm: "Failed to fetch region" (new Error("TIMEOUT", "resource://gre/modules/Region.jsm", 422))
JavaScript warning: https://web.whatsapp.com/bootstrap_qr.8c6bd07fd55e4b8fbdb7.js, line 1: unreachable code after return statement
JavaScript warning: https://web.whatsapp.com/bootstrap_qr.8c6bd07fd55e4b8fbdb7.js, line 1: unreachable code after return statement
JavaScript error: https://web.whatsapp.com/bootstrap_qr.8c6bd07fd55e4b8fbdb7.js, line 1: NS_ERROR_NOT_INITIALIZED: 
JavaScript error: https://web.whatsapp.com/bootstrap_qr.8c6bd07fd55e4b8fbdb7.js, line 1: NS_ERROR_NOT_INITIALIZED: 
JavaScript error: https://web.whatsapp.com/bootstrap_qr.8c6bd07fd55e4b8fbdb7.js, line 1: NS_ERROR_NOT_INITIALIZED: 
IPDL protocol error: Handler returned error code!

###!!! [Parent][DispatchAsyncMessage] Error: PBackground::Msg_MessagePortForceClose Processing error: message was deserialized, but the handler returned false (indicating failure)

JavaScript error: https://web.whatsapp.com/bootstrap_qr.8c6bd07fd55e4b8fbdb7.js, line 1: NS_ERROR_NOT_INITIALIZED: 
JavaScript error: , line 0: TypeError: ServiceWorker script at https://web.whatsapp.com/serviceworker.js for scope https://web.whatsapp.com/ encountered an error during installation.
1615846548417	Marionette	INFO	Stopped listening on port 53737

###!!! [Child][RunMessage] Error: Channel closing: too late to send/recv, messages will be lost

1615846559841	geckodriver	INFO	Listening on 127.0.0.1:53771
1615846562922	mozrunner::runner	INFO	Running command: "C:\\Program Files\\Mozilla Firefox\\firefox.exe" "--marionette" "-foreground" "-no-remote" "-profile" "C:\\Users\\ONURFU~1\\AppData\\Local\\Temp\\rust_mozprofilefbl9vB"
JavaScript error: resource://gre/modules/XULStore.jsm, line 66: Error: Can't find profile directory.
console.warn: SearchSettings: "get: No settings file exists, new profile?" (new Error("", "(unknown module)"))
1615846566018	Marionette	INFO	Listening on port 53779
1615846566147	Marionette	WARN	TLS certificate errors will be ignored for this session
console.error: Region.jsm: "Error fetching region" (new Error("TIMEOUT", "resource://gre/modules/Region.jsm", 775))
console.error: Region.jsm: "Failed to fetch region" (new Error("TIMEOUT", "resource://gre/modules/Region.jsm", 422))
JavaScript warning: https://web.whatsapp.com/bootstrap_qr.8c6bd07fd55e4b8fbdb7.js, line 1: unreachable code after return statement
JavaScript warning: https://web.whatsapp.com/bootstrap_qr.8c6bd07fd55e4b8fbdb7.js, line 1: unreachable code after return statement
1615846601283	Marionette	INFO	Stopped listening on port 53779

###!!! [Child][RunMessage] Error: Channel closing: too late to send/recv, messages will be lost

1615846641170	geckodriver	INFO	Listening on 127.0.0.1:53835
1615846644236	mozrunner::runner	INFO	Running command: "C:\\Program Files\\Mozilla Firefox\\firefox.exe" "--marionette" "-foreground" "-no-remote" "-profile" "C:\\Users\\ONURFU~1\\AppData\\Local\\Temp\\rust_mozprofileCXGr3h"
JavaScript error: resource://gre/modules/XULStore.jsm, line 66: Error: Can't find profile directory.
console.warn: SearchSettings: "get: No settings file exists, new profile?" (new Error("", "(unknown module)"))
1615846647311	Marionette	INFO	Listening on port 53843
1615846647407	Marionette	WARN	TLS certificate errors will be ignored for this session
JavaScript warning: https://web.whatsapp.com/bootstrap_qr.8c6bd07fd55e4b8fbdb7.js, line 1: unreachable code after return statement
JavaScript warning: https://web.whatsapp.com/bootstrap_qr.8c6bd07fd55e4b8fbdb7.js, line 1: unreachable code after return statement
[Parent 9156, IPC I/O Parent] WARNING: pipe error: 232: file /builds/worker/checkouts/gecko/ipc/chromium/src/chrome/common/ipc_channel_win.cc:545
1615846701807	Marionette	INFO	Stopped listening on port 53843

###!!! [Child][RunMessage] Error: Channel closing: too late to send/recv, messages will be lost

1615846901542	geckodriver	INFO	Listening on 127.0.0.1:53924
1615846904613	mozrunner::runner	INFO	Running command: "C:\\Program Files\\Mozilla Firefox\\firefox.exe" "--marionette" "-foreground" "-no-remote" "-profile" "C:\\Users\\ONURFU~1\\AppData\\Local\\Temp\\rust_mozprofilegDA1eb"
JavaScript error: resource://gre/modules/XULStore.jsm, line 66: Error: Can't find profile directory.
console.warn: SearchSettings: "get: No settings file exists, new profile?" (new Error("", "(unknown module)"))
1615846907623	Marionette	INFO	Listening on port 53932
1615846907784	Marionette	WARN	TLS certificate errors will be ignored for this session
JavaScript warning: https://web.whatsapp.com/bootstrap_qr.8c6bd07fd55e4b8fbdb7.js, line 1: unreachable code after return statement
JavaScript warning: https://web.whatsapp.com/bootstrap_qr.8c6bd07fd55e4b8fbdb7.js, line 1: unreachable code after return statement
1615846917377	Marionette	INFO	Stopped listening on port 53932

###!!! [Child][RunMessage] Error: Channel closing: too late to send/recv, messages will be lost

1615847025859	geckodriver	INFO	Listening on 127.0.0.1:53973
1615847028922	mozrunner::runner	INFO	Running command: "C:\\Program Files\\Mozilla Firefox\\firefox.exe" "--marionette" "-foreground" "-no-remote" "-profile" "C:\\Users\\ONURFU~1\\AppData\\Local\\Temp\\rust_mozprofileOaoI1N"
JavaScript error: resource://gre/modules/XULStore.jsm, line 66: Error: Can't find profile directory.
console.warn: SearchSettings: "get: No settings file exists, new profile?" (new Error("", "(unknown module)"))
1615847031946	Marionette	INFO	Listening on port 53981
1615847032053	Marionette	WARN	TLS certificate errors will be ignored for this session
JavaScript warning: https://web.whatsapp.com/bootstrap_qr.8c6bd07fd55e4b8fbdb7.js, line 1: unreachable code after return statement
JavaScript warning: https://web.whatsapp.com/bootstrap_qr.8c6bd07fd55e4b8fbdb7.js, line 1: unreachable code after return statement
JavaScript warning: https://web.whatsapp.com/bootstrap_qr.8c6bd07fd55e4b8fbdb7.js, line 1: unreachable code after return statement
JavaScript warning: https://web.whatsapp.com/bootstrap_qr.8c6bd07fd55e4b8fbdb7.js, line 1: unreachable code after return statement

###!!! [Parent][RunMessage] Error: Channel closing: too late to send/recv, messages will be lost

JavaScript warning: https://web.whatsapp.com/bootstrap_qr.8c6bd07fd55e4b8fbdb7.js, line 1: unreachable code after return statement
JavaScript warning: https://web.whatsapp.com/bootstrap_qr.8c6bd07fd55e4b8fbdb7.js, line 1: unreachable code after return statement
JavaScript warning: https://web.whatsapp.com/bootstrap_qr.8c6bd07fd55e4b8fbdb7.js, line 1: unreachable code after return statement
JavaScript warning: https://web.whatsapp.com/bootstrap_qr.8c6bd07fd55e4b8fbdb7.js, line 1: unreachable code after return statement
